<?xml version="1.0" encoding="UTF-8"?>
<testng-results skipped="0" failed="1" total="3" passed="2">
  <reporter-output>
  </reporter-output>
  <suite name="My Travels Time Suite" duration-ms="55234" started-at="2020-06-29T09:04:19Z" finished-at="2020-06-29T09:05:14Z">
    <groups>
      <group name="Usability Testing">
        <method signature="HomepagePageTest.verify_Homepage_Title()[pri:0, instance:com.mytravels.pagetest.HomepagePageTest@1ddf84b8]" name="verify_Homepage_Title" class="com.mytravels.pagetest.HomepagePageTest"/>
        <method signature="LoginPageTest.verify_loginpage_Title()[pri:0, instance:com.mytravels.pagetest.LoginPageTest@1139b2f3]" name="verify_loginpage_Title" class="com.mytravels.pagetest.LoginPageTest"/>
        <method signature="LoginPageTest.verify_successful_login()[pri:0, instance:com.mytravels.pagetest.LoginPageTest@1139b2f3]" name="verify_successful_login" class="com.mytravels.pagetest.LoginPageTest"/>
      </group> <!-- Usability Testing -->
    </groups>
    <test name="My Travels Time Tests" duration-ms="55234" started-at="2020-06-29T09:04:19Z" finished-at="2020-06-29T09:05:14Z">
      <class name="com.mytravels.pagetest.LoginPageTest">
        <test-method status="PASS" signature="setUp()[pri:0, instance:com.mytravels.pagetest.LoginPageTest@1139b2f3]" name="setUp" is-config="true" duration-ms="12038" started-at="2020-06-29T14:34:34Z" finished-at="2020-06-29T14:34:46Z">
          <reporter-output>
          </reporter-output>
        </test-method> <!-- setUp -->
        <test-method status="PASS" signature="verify_loginpage_Title()[pri:0, instance:com.mytravels.pagetest.LoginPageTest@1139b2f3]" name="verify_loginpage_Title" duration-ms="2972" started-at="2020-06-29T14:34:46Z" description="To verify title of LoginPage" finished-at="2020-06-29T14:34:49Z">
          <reporter-output>
          </reporter-output>
        </test-method> <!-- verify_loginpage_Title -->
        <test-method status="PASS" signature="tearDown(org.testng.ITestResult)[pri:0, instance:com.mytravels.pagetest.LoginPageTest@1139b2f3]" name="tearDown" is-config="true" duration-ms="408" started-at="2020-06-29T14:34:49Z" finished-at="2020-06-29T14:34:50Z">
          <params>
            <param index="0">
              <value>
                <![CDATA[[TestResult name=verify_loginpage_Title status=SUCCESS method=LoginPageTest.verify_loginpage_Title()[pri:0, instance:com.mytravels.pagetest.LoginPageTest@1139b2f3] output={null}]]]>
              </value>
            </param>
          </params>
          <reporter-output>
          </reporter-output>
        </test-method> <!-- tearDown -->
        <test-method status="PASS" signature="setUp()[pri:0, instance:com.mytravels.pagetest.LoginPageTest@1139b2f3]" name="setUp" is-config="true" duration-ms="12241" started-at="2020-06-29T14:34:50Z" finished-at="2020-06-29T14:35:02Z">
          <reporter-output>
          </reporter-output>
        </test-method> <!-- setUp -->
        <test-method status="PASS" signature="verify_successful_login()[pri:0, instance:com.mytravels.pagetest.LoginPageTest@1139b2f3]" name="verify_successful_login" duration-ms="7823" started-at="2020-06-29T14:35:02Z" description="To verify successful login" finished-at="2020-06-29T14:35:10Z">
          <reporter-output>
          </reporter-output>
        </test-method> <!-- verify_successful_login -->
        <test-method status="PASS" signature="tearDown(org.testng.ITestResult)[pri:0, instance:com.mytravels.pagetest.LoginPageTest@1139b2f3]" name="tearDown" is-config="true" duration-ms="4331" started-at="2020-06-29T14:35:10Z" finished-at="2020-06-29T14:35:14Z">
          <params>
            <param index="0">
              <value>
                <![CDATA[[TestResult name=verify_successful_login status=SUCCESS method=LoginPageTest.verify_successful_login()[pri:0, instance:com.mytravels.pagetest.LoginPageTest@1139b2f3] output={null}]]]>
              </value>
            </param>
          </params>
          <reporter-output>
          </reporter-output>
        </test-method> <!-- tearDown -->
      </class> <!-- com.mytravels.pagetest.LoginPageTest -->
      <class name="com.mytravels.pagetest.HomepagePageTest">
        <test-method status="PASS" signature="extendReportConfig()[pri:0, instance:com.mytravels.pagetest.HomepagePageTest@1ddf84b8]" name="extendReportConfig" is-config="true" duration-ms="179" started-at="2020-06-29T14:34:19Z" finished-at="2020-06-29T14:34:19Z">
          <reporter-output>
          </reporter-output>
        </test-method> <!-- extendReportConfig -->
        <test-method status="PASS" signature="extendReportConfig()[pri:0, instance:com.mytravels.pagetest.LoginPageTest@1139b2f3]" name="extendReportConfig" is-config="true" duration-ms="2" started-at="2020-06-29T14:34:19Z" finished-at="2020-06-29T14:34:19Z">
          <reporter-output>
          </reporter-output>
        </test-method> <!-- extendReportConfig -->
        <test-method status="PASS" signature="setUp()[pri:0, instance:com.mytravels.pagetest.HomepagePageTest@1ddf84b8]" name="setUp" is-config="true" duration-ms="13407" started-at="2020-06-29T14:34:19Z" finished-at="2020-06-29T14:34:32Z">
          <reporter-output>
          </reporter-output>
        </test-method> <!-- setUp -->
        <test-method status="FAIL" signature="verify_Homepage_Title()[pri:0, instance:com.mytravels.pagetest.HomepagePageTest@1ddf84b8]" name="verify_Homepage_Title" duration-ms="34" started-at="2020-06-29T14:34:32Z" description="To verify title of homepage" finished-at="2020-06-29T14:34:32Z">
          <exception class="java.lang.AssertionError">
            <message>
              <![CDATA[Homepage Title not matched!! expected [My Travels Time - CRM2] but found [My Travels Time - CRM]]]>
            </message>
            <full-stacktrace>
              <![CDATA[java.lang.AssertionError: Homepage Title not matched!! expected [My Travels Time - CRM2] but found [My Travels Time - CRM]
	at org.testng.Assert.fail(Assert.java:94)
	at org.testng.Assert.failNotEquals(Assert.java:513)
	at org.testng.Assert.assertEqualsImpl(Assert.java:135)
	at org.testng.Assert.assertEquals(Assert.java:116)
	at org.testng.Assert.assertEquals(Assert.java:190)
	at com.mytravels.pagetest.HomepagePageTest.verify_Homepage_Title(HomepagePageTest.java:49)
	at sun.reflect.NativeMethodAccessorImpl.invoke0(Native Method)
	at sun.reflect.NativeMethodAccessorImpl.invoke(Unknown Source)
	at sun.reflect.DelegatingMethodAccessorImpl.invoke(Unknown Source)
	at java.lang.reflect.Method.invoke(Unknown Source)
	at org.testng.internal.MethodInvocationHelper.invokeMethod(MethodInvocationHelper.java:86)
	at org.testng.internal.Invoker.invokeMethod(Invoker.java:646)
	at org.testng.internal.Invoker.invokeTestMethod(Invoker.java:823)
	at org.testng.internal.Invoker.invokeTestMethods(Invoker.java:1131)
	at org.testng.internal.TestMethodWorker.invokeTestMethods(TestMethodWorker.java:129)
	at org.testng.internal.TestMethodWorker.run(TestMethodWorker.java:112)
	at org.testng.TestRunner.privateRun(TestRunner.java:778)
	at org.testng.TestRunner.run(TestRunner.java:632)
	at org.testng.SuiteRunner.runTest(SuiteRunner.java:366)
	at org.testng.SuiteRunner.runSequentially(SuiteRunner.java:361)
	at org.testng.SuiteRunner.privateRun(SuiteRunner.java:319)
	at org.testng.SuiteRunner.run(SuiteRunner.java:268)
	at org.testng.SuiteRunnerWorker.runSuite(SuiteRunnerWorker.java:52)
	at org.testng.SuiteRunnerWorker.run(SuiteRunnerWorker.java:86)
	at org.testng.TestNG.runSuitesSequentially(TestNG.java:1225)
	at org.testng.TestNG.runSuitesLocally(TestNG.java:1150)
	at org.testng.TestNG.runSuites(TestNG.java:1075)
	at org.testng.TestNG.run(TestNG.java:1047)
	at org.testng.remote.AbstractRemoteTestNG.run(AbstractRemoteTestNG.java:126)
	at org.testng.remote.RemoteTestNG.initAndRun(RemoteTestNG.java:137)
	at org.testng.remote.RemoteTestNG.main(RemoteTestNG.java:58)
]]>
            </full-stacktrace>
          </exception> <!-- java.lang.AssertionError -->
          <reporter-output>
          </reporter-output>
        </test-method> <!-- verify_Homepage_Title -->
        <test-method status="PASS" signature="tearDown(org.testng.ITestResult)[pri:0, instance:com.mytravels.pagetest.HomepagePageTest@1ddf84b8]" name="tearDown" is-config="true" duration-ms="1766" started-at="2020-06-29T14:34:32Z" finished-at="2020-06-29T14:34:34Z">
          <params>
            <param index="0">
              <value>
                <![CDATA[[TestResult name=verify_Homepage_Title status=FAILURE method=HomepagePageTest.verify_Homepage_Title()[pri:0, instance:com.mytravels.pagetest.HomepagePageTest@1ddf84b8] output={null}]]]>
              </value>
            </param>
          </params>
          <reporter-output>
          </reporter-output>
        </test-method> <!-- tearDown -->
      </class> <!-- com.mytravels.pagetest.HomepagePageTest -->
    </test> <!-- My Travels Time Tests -->
  </suite> <!-- My Travels Time Suite -->
</testng-results>
